  Yarn.cpp
  Engine.cpp
  GameObjectRegistry.cpp
  InputState.cpp
  MemoryBitStream.cpp
  Move.cpp
  MoveList.cpp
  NetworkManager.cpp
  RoboMath.cpp
  ScoreBoardManager.cpp
  RoboCat.cpp
  SocketAddress.cpp
  SocketAddressFactory.cpp
  SocketUtil.cpp
Y:\Documents\repos\MultiplayerBook\Chapter 6\RoboCatAction\RoboCat\Src\SocketUtil.cpp(90,102): warning C4100: 'ioNaxNfds': unreferenced formal parameter
  StringUtils.cpp
  TCPSocket.cpp
  Timing.cpp
  GameObject.cpp
  Mouse.cpp
  RoboCatPCH.cpp
  Compiling...
  UDPSocket.cpp
  World.cpp
  RoboCat.vcxproj -> Y:\Documents\repos\MultiplayerBook\Chapter 6\RoboCatAction\Release\RoboCat.lib
